e:\darkenlocal\darken\x64\debug\vc142.pdb
e:\darkenlocal\darken\x64\debug\vc142.idb
e:\darkenlocal\darken\x64\debug\main.obj
e:\darkenlocal\darken\x64\debug\transform.obj
e:\darkenlocal\darken\x64\debug\texture.obj
e:\darkenlocal\darken\x64\debug\systemtextures.obj
e:\darkenlocal\darken\x64\debug\surroundbox.obj
e:\darkenlocal\darken\x64\debug\scenemanager.obj
e:\darkenlocal\darken\x64\debug\reflectioncapture.obj
e:\darkenlocal\darken\x64\debug\rectbufferobject.obj
e:\darkenlocal\darken\x64\debug\quaternion.obj
e:\darkenlocal\darken\x64\debug\object.obj
e:\darkenlocal\darken\x64\debug\model.obj
e:\darkenlocal\darken\x64\debug\materialinstance.obj
e:\darkenlocal\darken\x64\debug\material.obj
e:\darkenlocal\darken\x64\debug\light.obj
e:\darkenlocal\darken\x64\debug\deferrenderpipeline.obj
e:\darkenlocal\darken\x64\debug\camera.obj
e:\darkenlocal\darken\x64\debug\buffermanager.obj
e:\darkenlocal\darken\x64\debug\animation.obj
e:\darkenlocal\x64\debug\darken.exe
e:\darkenlocal\x64\debug\darken.ilk
e:\darkenlocal\x64\debug\darken.pdb
e:\darkenlocal\darken\x64\debug\darken.tlog\cl.command.1.tlog
e:\darkenlocal\darken\x64\debug\darken.tlog\cl.read.1.tlog
e:\darkenlocal\darken\x64\debug\darken.tlog\cl.write.1.tlog
e:\darkenlocal\darken\x64\debug\darken.tlog\link.command.1.tlog
e:\darkenlocal\darken\x64\debug\darken.tlog\link.read.1.tlog
e:\darkenlocal\darken\x64\debug\darken.tlog\link.write.1.tlog
